<?xml version="1.0" encoding="UTF-8"?>
<!-- Generated by org.testng.reporters.JUnitReportReporter -->
<testsuite hostname="DESKTOP-I93AM77" name="Execution.Run" tests="1" failures="0" timestamp="16 May 2019 06:06:02 GMT" time="10.029" errors="0">
  <testcase name="run" time="10.029" classname="Execution.Run"/>
</testsuite> <!-- Execution.Run -->
